00:00:00.007041 main     VirtualBox COM Server 6.1.26 r145957 win.amd64 (Jul 28 2021 17:15:09) release log
00:00:00.007043 main     Log opened 2021-08-25T04:52:12.049408900Z
00:00:00.007044 main     Build Type: release
00:00:00.007103 main     OS Product: Windows 10
00:00:00.007104 main     OS Release: 10.0.19043
00:00:00.007105 main     OS Service Pack: 
00:00:00.046939 main     DMI Product Name: HP Laptop 15s-eq2xxx
00:00:00.065866 main     DMI Product Version:  
00:00:00.065921 main     Firmware type: UEFI
00:00:00.066176 main     Secure Boot: VERR_PRIVILEGE_NOT_HELD
00:00:00.066306 main     Host RAM: 7521MB (7.3GB) total, 3496MB (3.4GB) available
00:00:00.066330 main     Executable: C:\Program Files\Oracle\VirtualBox\VBoxSVC.exe
00:00:00.066331 main     Process ID: 9884
00:00:00.066332 main     Package type: WINDOWS_64BITS_GENERIC
00:00:00.229168          VirtualBox: object creation starts
00:00:00.229759          Home directory: 'C:\Users\gaura\.VirtualBox'
00:00:00.229976          Installed Drivers:
00:00:00.236517            C:\windows\system32\DRIVERS\VBoxDrv.sys (Version: 6.1.26.45957)
00:00:00.237159            C:\windows\system32\DRIVERS\VBoxUSBMon.sys (Version: 6.1.26.45957)
00:00:00.237764            C:\windows\system32\DRIVERS\VBoxNetAdp6.sys (Version: 6.1.26.45957)
00:00:00.238369            C:\windows\system32\DRIVERS\VBoxNetLwf.sys (Version: 6.1.26.45957)
00:00:00.243766          usbLibGetDevices: Starting USB device enumeration
00:00:00.244067          Getting USB descriptor (id 0) failed (dwErr=31) on hub USB#ROOT_HUB30#5&1d27a0b6&0&0#{f18a0e88-c30c-11d0-8815-00a0c906bed8} port 3
00:00:00.244164          Getting USB descriptor (id 0) failed (dwErr=31) on hub USB#ROOT_HUB30#5&1d27a0b6&0&0#{f18a0e88-c30c-11d0-8815-00a0c906bed8} port 4
00:00:00.248049          usbLibGetDevices: Found 2 USB devices, 0 captured
00:00:00.248416          USB: Unknown USB device detected (idVendor: 0x0bda, idProduct: 0xb00e)
00:00:00.248634          USB: Unknown USB device detected (idVendor: 0x30c9, idProduct: 0x0035)
00:00:00.301322          HostDnsMonitor: initializing
00:00:00.312606          HostDnsMonitor: updating information
00:00:00.312737          HostDnsMonitor: old information
00:00:00.312739            no server entries
00:00:00.312740            no domain set
00:00:00.312741            no search string entries
00:00:00.312742          HostDnsMonitor: new information
00:00:00.312742            server 1: 192.168.204.94
00:00:00.312744            no domain set
00:00:00.312744            no search string entries
00:00:00.388780          VD: VDInit finished with VINF_SUCCESS
00:00:00.391269          VirtualBox: object created
00:00:09.575715          Saving settings file "C:\Users\gaura\.VirtualBox\VirtualBox.xml" with version "1.12-windows"
00:00:09.602560          Saving settings file "C:\Users\gaura\.VirtualBox\VirtualBox.xml" with version "1.12-windows"
00:01:02.404850          Saving settings file "C:\Users\gaura\.VirtualBox\VirtualBox.xml" with version "1.12-windows"
00:01:02.431572          Saving settings file "C:\Users\gaura\.VirtualBox\VirtualBox.xml" with version "1.12-windows"
00:01:02.440631          Saving settings file "C:\Users\gaura\.VirtualBox\VirtualBox.xml" with version "1.12-windows"
00:01:02.448546          Saving settings file "C:\Users\gaura\.VirtualBox\VirtualBox.xml" with version "1.12-windows"
00:01:02.454995          Saving settings file "C:\Users\gaura\.VirtualBox\VirtualBox.xml" with version "1.12-windows"
00:01:02.463934          Saving settings file "C:\Users\gaura\.VirtualBox\VirtualBox.xml" with version "1.12-windows"
00:01:07.982925 main     VirtualBox: object deletion starts
00:01:07.983815 main     HostDnsMonitor: shutting down ...
00:01:07.983863 main     HostDnsMonitor: shut down
00:01:07.986001 Watcher  ERROR [COM]: aRC=E_ACCESSDENIED (0x80070005) aIID={d0a0163f-e254-4e5b-a1f2-011cf991c38d} aComponent={VirtualBoxWrap} aText={The object is not ready}, preserve=false aResultDetail=0
00:01:07.986677 main     VirtualBox: object deleted
